<?xml version="1.0" encoding="UTF-8"?>
<testng-results ignored="0" total="1" passed="1" failed="0" skipped="0">
  <reporter-output>
  </reporter-output>
  <suite started-at="2023-09-17T18:00:02 IST" name="Default suite" finished-at="2023-09-17T18:01:13 IST" duration-ms="70750">
    <groups>
    </groups>
    <test started-at="2023-09-17T18:00:02 IST" name="Default test" finished-at="2023-09-17T18:01:13 IST" duration-ms="70750">
      <class name="Tests.TestYoutubeFunctionality">
        <test-method is-config="true" signature="launchTheBrowser()[pri:0, instance:Tests.TestYoutubeFunctionality@1e1a0406]" started-at="2023-09-17T18:00:02 IST" name="launchTheBrowser" finished-at="2023-09-17T18:00:06 IST" duration-ms="3404" status="PASS">
          <reporter-output>
          </reporter-output>
        </test-method> <!-- launchTheBrowser -->
        <test-method is-config="true" signature="launchTheApplication()[pri:0, instance:Tests.TestYoutubeFunctionality@1e1a0406]" started-at="2023-09-17T18:00:06 IST" name="launchTheApplication" finished-at="2023-09-17T18:00:13 IST" duration-ms="6811" status="PASS">
          <reporter-output>
          </reporter-output>
        </test-method> <!-- launchTheApplication -->
        <test-method signature="playVedio()[pri:1, instance:Tests.TestYoutubeFunctionality@1e1a0406]" started-at="2023-09-17T18:00:13 IST" name="playVedio" finished-at="2023-09-17T18:01:12 IST" duration-ms="59530" status="PASS">
          <reporter-output>
          </reporter-output>
        </test-method> <!-- playVedio -->
        <test-method is-config="true" signature="end()[pri:0, instance:Tests.TestYoutubeFunctionality@1e1a0406]" started-at="2023-09-17T18:01:12 IST" name="end" finished-at="2023-09-17T18:01:12 IST" duration-ms="2" status="PASS">
          <reporter-output>
          </reporter-output>
        </test-method> <!-- end -->
        <test-method is-config="true" signature="closeTheBrowser()[pri:0, instance:Tests.TestYoutubeFunctionality@1e1a0406]" started-at="2023-09-17T18:01:12 IST" name="closeTheBrowser" finished-at="2023-09-17T18:01:13 IST" duration-ms="933" status="PASS">
          <reporter-output>
          </reporter-output>
        </test-method> <!-- closeTheBrowser -->
      </class> <!-- Tests.TestYoutubeFunctionality -->
    </test> <!-- Default test -->
  </suite> <!-- Default suite -->
</testng-results>
